<?xml version="1.0" encoding="UTF-8"?>
<!-- Generated by org.testng.reporters.JUnitReportReporter -->
<testsuite name="testcases.Subscription" tests="3" time="31.807" ignored="2" failures="0" timestamp="12 Apr 2017 15:46:08 GMT" skipped="0" hostname="KSAKINAL-L-505" errors="0">
  <testcase name="sixSubscriptionsVerification" time="25.447" classname="testcases.Subscription"/>
  <testcase name="seventhSubscriptionVerification" time="4.191" classname="testcases.Subscription"/>
  <testcase name="activeDataUsageVerification" time="2.169" classname="testcases.Subscription"/>
  <testcase name="setUp" classname="base.BaseTest">
    <skipped/>
  </testcase> <!-- setUp -->
  <testcase name="reportClose" classname="base.BaseTest">
    <skipped/>
  </testcase> <!-- reportClose -->
</testsuite> <!-- testcases.Subscription -->
