<?xml version="1.0" encoding="UTF-8"?>
<!-- Generated by org.testng.reporters.JUnitReportReporter -->
<testsuite name="testcases.Subscription" tests="2" time="119.284" ignored="2" failures="0" timestamp="18 Apr 2017 15:55:14 GMT" skipped="0" hostname="KSAKINAL-L-505" errors="0">
  <testcase name="dataUsageVerification" time="106.065" classname="testcases.Subscription"/>
  <testcase name="subscriptionsVerification" time="13.219" classname="testcases.Subscription"/>
  <testcase name="setUp" classname="base.BaseTest">
    <skipped/>
  </testcase> <!-- setUp -->
  <testcase name="reportClose" classname="base.BaseTest">
    <skipped/>
  </testcase> <!-- reportClose -->
</testsuite> <!-- testcases.Subscription -->
