<?xml version="1.0" encoding="UTF-8"?>
<!-- Generated by org.testng.reporters.JUnitReportReporter -->
<testsuite name="testcases.Subscription" tests="4" time="47.022" ignored="2" failures="0" timestamp="18 Apr 2017 14:16:35 GMT" skipped="0" hostname="KSAKINAL-L-505" errors="0">
  <testcase name="exceedDataUsageVerification" time="34.965" classname="testcases.Subscription"/>
  <testcase name="sixSubscriptionsVerification" time="8.027" classname="testcases.Subscription"/>
  <testcase name="seventhSubscriptionVerification" time="1.456" classname="testcases.Subscription"/>
  <testcase name="activeDataUsageVerification" time="2.574" classname="testcases.Subscription"/>
  <testcase name="setUp" classname="base.BaseTest">
    <skipped/>
  </testcase> <!-- setUp -->
  <testcase name="reportClose" classname="base.BaseTest">
    <skipped/>
  </testcase> <!-- reportClose -->
</testsuite> <!-- testcases.Subscription -->
