<?xml version="1.0" encoding="UTF-8"?>
<!-- Generated by org.testng.reporters.JUnitReportReporter -->
<testsuite name="testcases.DataUsage" tests="1" time="4.304" ignored="2" failures="0" timestamp="12 Apr 2017 15:46:08 GMT" skipped="0" hostname="KSAKINAL-L-505" errors="0">
  <testcase name="dataExpirationVerificaton" time="4.304" classname="testcases.DataUsage"/>
  <testcase name="setUp" classname="base.BaseTest">
    <skipped/>
  </testcase> <!-- setUp -->
  <testcase name="reportClose" classname="base.BaseTest">
    <skipped/>
  </testcase> <!-- reportClose -->
</testsuite> <!-- testcases.DataUsage -->
