<?xml version="1.0" encoding="UTF-8"?>
<!-- Generated by org.testng.reporters.JUnitReportReporter -->
<testsuite name="testcases.Subscription" tests="2" time="86.666" ignored="2" failures="0" timestamp="19 Apr 2017 07:19:26 GMT" skipped="0" hostname="KSAKINAL-L-505" errors="0">
  <testcase name="dataUsageVerification" time="73.972" classname="testcases.Subscription"/>
  <testcase name="subscriptionsVerification" time="12.694" classname="testcases.Subscription"/>
  <testcase name="setUp" classname="base.BaseTest">
    <skipped/>
  </testcase> <!-- setUp -->
  <testcase name="reportClose" classname="base.BaseTest">
    <skipped/>
  </testcase> <!-- reportClose -->
</testsuite> <!-- testcases.Subscription -->
