<?xml version="1.0" encoding="UTF-8"?>
<!-- Generated by org.testng.reporters.JUnitReportReporter -->
<testsuite name="testcases.Subscription" tests="3" time="13.130" ignored="2" failures="0" timestamp="13 Apr 2017 14:30:38 GMT" skipped="0" hostname="KSAKINAL-L-505" errors="0">
  <testcase name="seventhSubscriptionVerification" time="1.360" classname="testcases.Subscription"/>
  <testcase name="activeDataUsageVerification" time="3.589" classname="testcases.Subscription"/>
  <testcase name="sixSubscriptionsVerification" time="8.181" classname="testcases.Subscription"/>
  <testcase name="setUp" classname="base.BaseTest">
    <skipped/>
  </testcase> <!-- setUp -->
  <testcase name="reportClose" classname="base.BaseTest">
    <skipped/>
  </testcase> <!-- reportClose -->
</testsuite> <!-- testcases.Subscription -->
