<?xml version="1.0" encoding="UTF-8"?>
<!-- Generated by org.testng.reporters.JUnitReportReporter -->
<testsuite name="testcases.Subscription" tests="4" time="48.235" ignored="2" failures="0" timestamp="18 Apr 2017 13:50:25 GMT" skipped="0" hostname="KSAKINAL-L-505" errors="0">
  <testcase name="exceedDataUsageVerification" time="34.339" classname="testcases.Subscription"/>
  <testcase name="seventhSubscriptionVerification" time="1.396" classname="testcases.Subscription"/>
  <testcase name="activeDataUsageVerification" time="3.497" classname="testcases.Subscription"/>
  <testcase name="sixSubscriptionsVerification" time="9.003" classname="testcases.Subscription"/>
  <testcase name="setUp" classname="base.BaseTest">
    <skipped/>
  </testcase> <!-- setUp -->
  <testcase name="reportClose" classname="base.BaseTest">
    <skipped/>
  </testcase> <!-- reportClose -->
</testsuite> <!-- testcases.Subscription -->
